<?xml version="1.0" encoding="UTF-8" ?>
<testsuite tests="4" failures="0" name="edu.java.se.junit5.introduction.FizzBuzzTest" time="0.01" errors="0" skipped="0">
  <properties>
[...]
</properties>
  <testcase classname="edu.java.se.junit5.introduction.FizzBuzzTest" name="edu.java.se.junit5.introduction.FizzBuzzTest.testFizz" time="0.008"/>
  <testcase classname="edu.java.se.junit5.introduction.FizzBuzzTest" name="edu.java.se.junit5.introduction.FizzBuzzTest.testBuzz" time="0"/>
  <testcase classname="edu.java.se.junit5.introduction.FizzBuzzTest" name="edu.java.se.junit5.introduction.FizzBuzzTest.testFizzBuzz" time="0"/>
  <testcase classname="edu.java.se.junit5.introduction.FizzBuzzTest" name="edu.java.se.junit5.introduction.FizzBuzzTest.testChallengeFizzBuzz" time="0.002"/>
</testsuite>